<?xml version="1.0" encoding="UTF-8"?>
<testsuite name="Logout of site" tests="1" skipped="0" failures="0" errors="0" timestamp="2020-07-14T21:15:39" hostname="DESKTOP-FSDA013" time="0.746">
  <properties/>
  <testcase name="log out of the site" classname="Logout of site" time="0.746"/>
  <system-out><![CDATA[]]></system-out>
  <system-err><![CDATA[]]></system-err>
</testsuite>
