<?xml version="1.0" encoding="UTF-8"?>
<testsuite name="Add new customer" tests="2" skipped="0" failures="0" errors="0" timestamp="2020-07-14T21:15:31" hostname="DESKTOP-FSDA013" time="4.038">
  <properties/>
  <testcase name="test reset button on customer add form" classname="Add new customer" time="1.368"/>
  <testcase name="fill up new customer form" classname="Add new customer" time="2.67"/>
  <system-out><![CDATA[]]></system-out>
  <system-err><![CDATA[]]></system-err>
</testsuite>
